<?xml version="1.0" encoding="UTF-8"?>
<testsuite name="com.kodilla.testing.shape.ShapeCollectorTestSuite" tests="6" skipped="0" failures="0" errors="0" timestamp="2018-08-27T19:09:27" hostname="LAPTOP-PL45QG0M" time="0.02">
  <properties/>
  <testcase name="testShowFigures" classname="com.kodilla.testing.shape.ShapeCollectorTestSuite" time="0.006"/>
  <testcase name="testAddShape" classname="com.kodilla.testing.shape.ShapeCollectorTestSuite" time="0.001"/>
  <testcase name="testGetNonExisitngIndex" classname="com.kodilla.testing.shape.ShapeCollectorTestSuite" time="0.001"/>
  <testcase name="testGetExisitngIndex" classname="com.kodilla.testing.shape.ShapeCollectorTestSuite" time="0.001"/>
  <testcase name="testRemoveExisitingFigure" classname="com.kodilla.testing.shape.ShapeCollectorTestSuite" time="0.001"/>
  <testcase name="testRemoveNonexisitingFigure" classname="com.kodilla.testing.shape.ShapeCollectorTestSuite" time="0.002"/>
  <system-out><![CDATA[ShapeCollector Tests - start
Test number 1 - start
Test number 1 - finished
Test number 2 - start
Test number 2 - finished
Test number 3 - start
Test number 3 - finished
Test number 4 - start
Test number 4 - finished
Test number 5 - start
Test number 5 - finished
Test number 6 - start
Test number 6 - finished
ShapeCollector Tests - all test are finished
]]></system-out>
  <system-err><![CDATA[]]></system-err>
</testsuite>
