<?xml version="1.0" encoding="UTF-8"?>
<testsuite name="com.kodilla.testing.stub.WeatherForecastTestSuite" tests="1" skipped="0" failures="0" errors="0" timestamp="2018-08-27T19:09:27" hostname="LAPTOP-PL45QG0M" time="0.004">
  <properties/>
  <testcase name="testCalculateForecastWithStub" classname="com.kodilla.testing.stub.WeatherForecastTestSuite" time="0.004"/>
  <system-out><![CDATA[]]></system-out>
  <system-err><![CDATA[]]></system-err>
</testsuite>
