<?xml version="1.0" encoding="UTF-8"?>
<testsuite name="com.kodilla.testing.collection.CollectionTestSuite" tests="2" skipped="0" failures="0" errors="0" timestamp="2018-08-27T19:09:26" hostname="LAPTOP-PL45QG0M" time="0.015">
  <properties/>
  <testcase name="testOddNumbersExterminatorEmptyList" classname="com.kodilla.testing.collection.CollectionTestSuite" time="0.014"/>
  <testcase name="testOddNumbersExterminatorNormalList" classname="com.kodilla.testing.collection.CollectionTestSuite" time="0.001"/>
  <system-out><![CDATA[Test Case for Collection - begin
Test OddNumbersExterminatorEmptyList
Test Case for Collection - end
Test Case for Collection - begin
Test OddNumbersExterminatorNormalList
Test Case for Collection - end
]]></system-out>
  <system-err><![CDATA[]]></system-err>
</testsuite>
